<?xml version="1.0" encoding="UTF-8"?>
<!-- Generated by org.testng.reporters.JUnitReportReporter -->
<testsuite skipped="0" hostname="DESKTOP-VMNP2HD" name="Pompack.LoginTest" tests="2" failures="0" timestamp="2021-09-01T18:48:38 IST" time="32.475" errors="0">
  <testcase name="login" time="16.939" classname="Pompack.LoginTest"/>
  <system-out/>
  <testcase name="login" time="15.536" classname="Pompack.LoginTest"/>
  <system-out/>
</testsuite> <!-- Pompack.LoginTest -->
